# JRE version: Java(TM) SE Runtime Environment (8.0_152-b16) (build 1.8.0_152-b16)
# Java VM: Java HotSpot(TM) 64-Bit Server VM (25.152-b16 mixed mode windows-amd64 compressed oops)
Heap:
 PSYoungGen      total 284672K, used 267244K [0x00000000eab00000, 0x0000000100000000, 0x0000000100000000)
  eden space 263168K, 100% used [0x00000000eab00000,0x00000000fac00000,0x00000000fac00000)
  from space 21504K, 18% used [0x00000000fac00000,0x00000000faffb010,0x00000000fc100000)
  to   space 21504K, 100% used [0x00000000feb00000,0x0000000100000000,0x0000000100000000)
 ParOldGen       total 699392K, used 620638K [0x00000000c0000000, 0x00000000eab00000, 0x00000000eab00000)
  object space 699392K, 88% used [0x00000000c0000000,0x00000000e5e17b00,0x00000000eab00000)
 Metaspace       used 3539K, capacity 4540K, committed 4864K, reserved 1056768K
  class space    used 408K, capacity 428K, committed 512K, reserved 1048576K
GC Heap History (9 events):
Event: 12.159 GC heap before
{Heap before GC invocations=1 (full 0):
 PSYoungGen      total 153088K, used 131584K [0x00000000eab00000, 0x00000000f5580000, 0x0000000100000000)
  eden space 131584K, 100% used [0x00000000eab00000,0x00000000f2b80000,0x00000000f2b80000)
  from space 21504K, 0% used [0x00000000f4080000,0x00000000f4080000,0x00000000f5580000)
  to   space 21504K, 0% used [0x00000000f2b80000,0x00000000f2b80000,0x00000000f4080000)
 ParOldGen       total 349696K, used 0K [0x00000000c0000000, 0x00000000d5580000, 0x00000000eab00000)
  object space 349696K, 0% used [0x00000000c0000000,0x00000000c0000000,0x00000000d5580000)
 Metaspace       used 3539K, capacity 4540K, committed 4864K, reserved 1056768K
  class space    used 408K, capacity 428K, committed 512K, reserved 1048576K
Event: 12.533 GC heap after
Heap after GC invocations=1 (full 0):
 PSYoungGen      total 153088K, used 21492K [0x00000000eab00000, 0x00000000fd600000, 0x0000000100000000)
  eden space 131584K, 0% used [0x00000000eab00000,0x00000000eab00000,0x00000000f2b80000)
  from space 21504K, 99% used [0x00000000f2b80000,0x00000000f407d020,0x00000000f4080000)
  to   space 21504K, 0% used [0x00000000fc100000,0x00000000fc100000,0x00000000fd600000)
 ParOldGen       total 349696K, used 78240K [0x00000000c0000000, 0x00000000d5580000, 0x00000000eab00000)
  object space 349696K, 22% used [0x00000000c0000000,0x00000000c4c68000,0x00000000d5580000)
 Metaspace       used 3539K, capacity 4540K, committed 4864K, reserved 1056768K
  class space    used 408K, capacity 428K, committed 512K, reserved 1048576K
}
Event: 12.878 GC heap before
{Heap before GC invocations=2 (full 0):
 PSYoungGen      total 153088K, used 153076K [0x00000000eab00000, 0x00000000fd600000, 0x0000000100000000)
  eden space 131584K, 100% used [0x00000000eab00000,0x00000000f2b80000,0x00000000f2b80000)
  from space 21504K, 99% used [0x00000000f2b80000,0x00000000f407d020,0x00000000f4080000)
  to   space 21504K, 0% used [0x00000000fc100000,0x00000000fc100000,0x00000000fd600000)
 ParOldGen       total 349696K, used 78240K [0x00000000c0000000, 0x00000000d5580000, 0x00000000eab00000)
  object space 349696K, 22% used [0x00000000c0000000,0x00000000c4c68000,0x00000000d5580000)
 Metaspace       used 3539K, capacity 4540K, committed 4864K, reserved 1056768K
  class space    used 408K, capacity 428K, committed 512K, reserved 1048576K
Event: 13.371 GC heap after
Heap after GC invocations=2 (full 0):
 PSYoungGen      total 284672K, used 21480K [0x00000000eab00000, 0x00000000fd600000, 0x0000000100000000)
  eden space 263168K, 0% used [0x00000000eab00000,0x00000000eab00000,0x00000000fac00000)
  from space 21504K, 99% used [0x00000000fc100000,0x00000000fd5fa210,0x00000000fd600000)
  to   space 21504K, 0% used [0x00000000fac00000,0x00000000fac00000,0x00000000fc100000)
 ParOldGen       total 349696K, used 174552K [0x00000000c0000000, 0x00000000d5580000, 0x00000000eab00000)
  object space 349696K, 49% used [0x00000000c0000000,0x00000000caa76200,0x00000000d5580000)
 Metaspace       used 3539K, capacity 4540K, committed 4864K, reserved 1056768K
  class space    used 408K, capacity 428K, committed 512K, reserved 1048576K
}
Event: 14.748 GC heap before
{Heap before GC invocations=3 (full 0):
 PSYoungGen      total 284672K, used 284648K [0x00000000eab00000, 0x00000000fd600000, 0x0000000100000000)
  eden space 263168K, 100% used [0x00000000eab00000,0x00000000fac00000,0x00000000fac00000)
  from space 21504K, 99% used [0x00000000fc100000,0x00000000fd5fa210,0x00000000fd600000)
  to   space 21504K, 0% used [0x00000000fac00000,0x00000000fac00000,0x00000000fc100000)
 ParOldGen       total 349696K, used 174552K [0x00000000c0000000, 0x00000000d5580000, 0x00000000eab00000)
  object space 349696K, 49% used [0x00000000c0000000,0x00000000caa76200,0x00000000d5580000)
 Metaspace       used 3539K, capacity 4540K, committed 4864K, reserved 1056768K
  class space    used 408K, capacity 428K, committed 512K, reserved 1048576K
Event: 16.909 GC heap after
Heap after GC invocations=3 (full 0):
 PSYoungGen      total 284672K, used 21488K [0x00000000eab00000, 0x0000000100000000, 0x0000000100000000)
  eden space 263168K, 0% used [0x00000000eab00000,0x00000000eab00000,0x00000000fac00000)
  from space 21504K, 99% used [0x00000000fac00000,0x00000000fc0fc010,0x00000000fc100000)
  to   space 21504K, 0% used [0x00000000feb00000,0x00000000feb00000,0x0000000100000000)
 ParOldGen       total 374784K, used 374142K [0x00000000c0000000, 0x00000000d6e00000, 0x00000000eab00000)
  object space 374784K, 99% used [0x00000000c0000000,0x00000000d6d5fac0,0x00000000d6e00000)
 Metaspace       used 3539K, capacity 4540K, committed 4864K, reserved 1056768K
  class space    used 408K, capacity 428K, committed 512K, reserved 1048576K
}
Event: 16.909 GC heap before
{Heap before GC invocations=4 (full 1):
 PSYoungGen      total 284672K, used 21488K [0x00000000eab00000, 0x0000000100000000, 0x0000000100000000)
  eden space 263168K, 0% used [0x00000000eab00000,0x00000000eab00000,0x00000000fac00000)
  from space 21504K, 99% used [0x00000000fac00000,0x00000000fc0fc010,0x00000000fc100000)
  to   space 21504K, 0% used [0x00000000feb00000,0x00000000feb00000,0x0000000100000000)
 ParOldGen       total 374784K, used 374142K [0x00000000c0000000, 0x00000000d6e00000, 0x00000000eab00000)
  object space 374784K, 99% used [0x00000000c0000000,0x00000000d6d5fac0,0x00000000d6e00000)
 Metaspace       used 3539K, capacity 4540K, committed 4864K, reserved 1056768K
  class space    used 408K, capacity 428K, committed 512K, reserved 1048576K
Event: 24.896 GC heap after
Heap after GC invocations=4 (full 1):
 PSYoungGen      total 284672K, used 4076K [0x00000000eab00000, 0x0000000100000000, 0x0000000100000000)
  eden space 263168K, 0% used [0x00000000eab00000,0x00000000eab00000,0x00000000fac00000)
  from space 21504K, 18% used [0x00000000fac00000,0x00000000faffb010,0x00000000fc100000)
  to   space 21504K, 0% used [0x00000000feb00000,0x00000000feb00000,0x0000000100000000)
 ParOldGen       total 699392K, used 374329K [0x00000000c0000000, 0x00000000eab00000, 0x00000000eab00000)
  object space 699392K, 53% used [0x00000000c0000000,0x00000000d6d8e5f0,0x00000000eab00000)
 Metaspace       used 3539K, capacity 4540K, committed 4864K, reserved 1056768K
  class space    used 408K, capacity 428K, committed 512K, reserved 1048576K
}
Event: 25.708 GC heap before
{Heap before GC invocations=5 (full 1):
 PSYoungGen      total 284672K, used 267244K [0x00000000eab00000, 0x0000000100000000, 0x0000000100000000)
  eden space 263168K, 100% used [0x00000000eab00000,0x00000000fac00000,0x00000000fac00000)
  from space 21504K, 18% used [0x00000000fac00000,0x00000000faffb010,0x00000000fc100000)
  to   space 21504K, 0% used [0x00000000feb00000,0x00000000feb00000,0x0000000100000000)
 ParOldGen       total 699392K, used 374329K [0x00000000c0000000, 0x00000000eab00000, 0x00000000eab00000)
  object space 699392K, 53% used [0x00000000c0000000,0x00000000d6d8e5f0,0x00000000eab00000)
 Metaspace       used 3539K, capacity 4540K, committed 4864K, reserved 1056768K
  class space    used 408K, capacity 428K, committed 512K, reserved 1048576K

